# JRE version: OpenJDK Runtime Environment (8.0_152-b06) (build 1.8.0_152-release-1136-b06)
# Java VM: OpenJDK 64-Bit Server VM (25.152-b06 mixed mode windows-amd64 compressed oops)
Heap:
 PSYoungGen      total 280064K, used 177811K [0x00000000e0000000, 0x00000000f5d00000, 0x0000000100000000)
  eden space 231936K, 76% used [0x00000000e0000000,0x00000000eada4eb0,0x00000000ee280000)
  from space 48128K, 0% used [0x00000000ee280000,0x00000000ee280000,0x00000000f1180000)
  to   space 46592K, 0% used [0x00000000f2f80000,0x00000000f2f80000,0x00000000f5d00000)
 ParOldGen       total 81920K, used 35910K [0x00000000a0000000, 0x00000000a5000000, 0x00000000e0000000)
  object space 81920K, 43% used [0x00000000a0000000,0x00000000a2311940,0x00000000a5000000)
 Metaspace       used 60805K, capacity 62289K, committed 62592K, reserved 1103872K
  class space    used 7106K, capacity 7426K, committed 7552K, reserved 1048576K
GC Heap History (10 events):
Event: 7.961 GC heap before
{Heap before GC invocations=11 (full 3):
 PSYoungGen      total 108544K, used 108543K [0x00000000e0000000, 0x00000000ec600000, 0x0000000100000000)
  eden space 90624K, 100% used [0x00000000e0000000,0x00000000e5880000,0x00000000e5880000)
  from space 17920K, 99% used [0x00000000e5880000,0x00000000e69ffee0,0x00000000e6a00000)
  to   space 23040K, 0% used [0x00000000eaf80000,0x00000000eaf80000,0x00000000ec600000)
 ParOldGen       total 81920K, used 17085K [0x00000000a0000000, 0x00000000a5000000, 0x00000000e0000000)
  object space 81920K, 20% used [0x00000000a0000000,0x00000000a10af610,0x00000000a5000000)
 Metaspace       used 48314K, capacity 49177K, committed 49536K, reserved 1093632K
  class space    used 5770K, capacity 5972K, committed 6016K, reserved 1048576K
Event: 8.002 GC heap after
Heap after GC invocations=11 (full 3):
 PSYoungGen      total 172544K, used 23015K [0x00000000e0000000, 0x00000000ed100000, 0x0000000100000000)
  eden space 149504K, 0% used [0x00000000e0000000,0x00000000e0000000,0x00000000e9200000)
  from space 23040K, 99% used [0x00000000eaf80000,0x00000000ec5f9e98,0x00000000ec600000)
  to   space 30208K, 0% used [0x00000000e9200000,0x00000000e9200000,0x00000000eaf80000)
 ParOldGen       total 81920K, used 24016K [0x00000000a0000000, 0x00000000a5000000, 0x00000000e0000000)
  object space 81920K, 29% used [0x00000000a0000000,0x00000000a1774118,0x00000000a5000000)
 Metaspace       used 48314K, capacity 49177K, committed 49536K, reserved 1093632K
  class space    used 5770K, capacity 5972K, committed 6016K, reserved 1048576K
}
Event: 13.276 GC heap before
{Heap before GC invocations=12 (full 3):
 PSYoungGen      total 172544K, used 172519K [0x00000000e0000000, 0x00000000ed100000, 0x0000000100000000)
  eden space 149504K, 100% used [0x00000000e0000000,0x00000000e9200000,0x00000000e9200000)
  from space 23040K, 99% used [0x00000000eaf80000,0x00000000ec5f9e98,0x00000000ec600000)
  to   space 30208K, 0% used [0x00000000e9200000,0x00000000e9200000,0x00000000eaf80000)
 ParOldGen       total 81920K, used 24016K [0x00000000a0000000, 0x00000000a5000000, 0x00000000e0000000)
  object space 81920K, 29% used [0x00000000a0000000,0x00000000a1774118,0x00000000a5000000)
 Metaspace       used 53854K, capacity 54923K, committed 55168K, reserved 1097728K
  class space    used 6479K, capacity 6705K, committed 6784K, reserved 1048576K
Event: 13.334 GC heap after
Heap after GC invocations=12 (full 3):
 PSYoungGen      total 179712K, used 30201K [0x00000000e0000000, 0x00000000f4080000, 0x0000000100000000)
  eden space 149504K, 0% used [0x00000000e0000000,0x00000000e0000000,0x00000000e9200000)
  from space 30208K, 99% used [0x00000000e9200000,0x00000000eaf7e558,0x00000000eaf80000)
  to   space 41472K, 0% used [0x00000000f1800000,0x00000000f1800000,0x00000000f4080000)
 ParOldGen       total 81920K, used 39237K [0x00000000a0000000, 0x00000000a5000000, 0x00000000e0000000)
  object space 81920K, 47% used [0x00000000a0000000,0x00000000a26516a0,0x00000000a5000000)
 Metaspace       used 53854K, capacity 54923K, committed 55168K, reserved 1097728K
  class space    used 6479K, capacity 6705K, committed 6784K, reserved 1048576K
}
Event: 86.708 GC heap before
{Heap before GC invocations=13 (full 3):
 PSYoungGen      total 179712K, used 179705K [0x00000000e0000000, 0x00000000f4080000, 0x0000000100000000)
  eden space 149504K, 100% used [0x00000000e0000000,0x00000000e9200000,0x00000000e9200000)
  from space 30208K, 99% used [0x00000000e9200000,0x00000000eaf7e558,0x00000000eaf80000)
  to   space 41472K, 0% used [0x00000000f1800000,0x00000000f1800000,0x00000000f4080000)
 ParOldGen       total 81920K, used 39237K [0x00000000a0000000, 0x00000000a5000000, 0x00000000e0000000)
  object space 81920K, 47% used [0x00000000a0000000,0x00000000a26516a0,0x00000000a5000000)
 Metaspace       used 57093K, capacity 58251K, committed 58496K, reserved 1101824K
  class space    used 6724K, capacity 6959K, committed 7040K, reserved 1048576K
Event: 86.754 GC heap after
Heap after GC invocations=13 (full 3):
 PSYoungGen      total 242688K, used 41091K [0x00000000e0000000, 0x00000000f4080000, 0x0000000100000000)
  eden space 201216K, 0% used [0x00000000e0000000,0x00000000e0000000,0x00000000ec480000)
  from space 41472K, 99% used [0x00000000f1800000,0x00000000f4020e90,0x00000000f4080000)
  to   space 48128K, 0% used [0x00000000ee280000,0x00000000ee280000,0x00000000f1180000)
 ParOldGen       total 81920K, used 53883K [0x00000000a0000000, 0x00000000a5000000, 0x00000000e0000000)
  object space 81920K, 65% used [0x00000000a0000000,0x00000000a349ef20,0x00000000a5000000)
 Metaspace       used 57093K, capacity 58251K, committed 58496K, reserved 1101824K
  class space    used 6724K, capacity 6959K, committed 7040K, reserved 1048576K
}
Event: 91.621 GC heap before
{Heap before GC invocations=14 (full 3):
 PSYoungGen      total 242688K, used 208264K [0x00000000e0000000, 0x00000000f4080000, 0x0000000100000000)
  eden space 201216K, 83% used [0x00000000e0000000,0x00000000ea341178,0x00000000ec480000)
  from space 41472K, 99% used [0x00000000f1800000,0x00000000f4020e90,0x00000000f4080000)
  to   space 48128K, 0% used [0x00000000ee280000,0x00000000ee280000,0x00000000f1180000)
 ParOldGen       total 81920K, used 53883K [0x00000000a0000000, 0x00000000a5000000, 0x00000000e0000000)
  object space 81920K, 65% used [0x00000000a0000000,0x00000000a349ef20,0x00000000a5000000)
 Metaspace       used 57863K, capacity 58999K, committed 59096K, reserved 1101824K
  class space    used 6736K, capacity 6965K, committed 7040K, reserved 1048576K
Event: 91.666 GC heap after
Heap after GC invocations=14 (full 3):
 PSYoungGen      total 280064K, used 21787K [0x00000000e0000000, 0x00000000f5d00000, 0x0000000100000000)
  eden space 231936K, 0% used [0x00000000e0000000,0x00000000e0000000,0x00000000ee280000)
  from space 48128K, 45% used [0x00000000ee280000,0x00000000ef7c6fe8,0x00000000f1180000)
  to   space 46592K, 0% used [0x00000000f2f80000,0x00000000f2f80000,0x00000000f5d00000)
 ParOldGen       total 81920K, used 69170K [0x00000000a0000000, 0x00000000a5000000, 0x00000000e0000000)
  object space 81920K, 84% used [0x00000000a0000000,0x00000000a438c898,0x00000000a5000000)
 Metaspace       used 57863K, capacity 58999K, committed 59096K, reserved 1101824K
  class space    used 6736K, capacity 6965K, committed 7040K, reserved 1048576K
}
Event: 91.666 GC heap before
{Heap before GC invocations=15 (full 4):
 PSYoungGen      total 280064K, used 21787K [0x00000000e0000000, 0x00000000f5d00000, 0x0000000100000000)
  eden space 231936K, 0% used [0x00000000e0000000,0x00000000e0000000,0x00000000ee280000)
  from space 48128K, 45% used [0x00000000ee280000,0x00000000ef7c6fe8,0x00000000f1180000)
  to   space 46592K, 0% used [0x00000000f2f80000,0x00000000f2f80000,0x00000000f5d00000)
 ParOldGen       total 81920K, used 69170K [0x00000000a0000000, 0x00000000a5000000, 0x00000000e0000000)
  object space 81920K, 84% used [0x00000000a0000000,0x00000000a438c898,0x00000000a5000000)
 Metaspace       used 57863K, capacity 58999K, committed 59096K, reserved 1101824K
  class space    used 6736K, capacity 6965K, committed 7040K, reserved 1048576K
Event: 91.797 GC heap after
Heap after GC invocations=15 (full 4):
 PSYoungGen      total 280064K, used 0K [0x00000000e0000000, 0x00000000f5d00000, 0x0000000100000000)
  eden space 231936K, 0% used [0x00000000e0000000,0x00000000e0000000,0x00000000ee280000)
  from space 48128K, 0% used [0x00000000ee280000,0x00000000ee280000,0x00000000f1180000)
  to   space 46592K, 0% used [0x00000000f2f80000,0x00000000f2f80000,0x00000000f5d00000)
 ParOldGen       total 81920K, used 35910K [0x00000000a0000000, 0x00000000a5000000, 0x00000000e0000000)
  object space 81920K, 43% used [0x00000000a0000000,0x00000000a2311940,0x00000000a5000000)
 Metaspace       used 57863K, capacity 58999K, committed 59096K, reserved 1101824K
  class space    used 6736K, capacity 6965K, committed 7040K, reserved 1048576K
}

