# JRE version: OpenJDK Runtime Environment (8.0_152-b06) (build 1.8.0_152-release-1136-b06)
# Java VM: OpenJDK 64-Bit Server VM (25.152-b06 mixed mode windows-amd64 compressed oops)
Heap:
 PSYoungGen      total 291840K, used 236697K [0x00000000e0000000, 0x00000000f6000000, 0x0000000100000000)
  eden space 255488K, 81% used [0x00000000e0000000,0x00000000ecb90340,0x00000000ef980000)
  from space 36352K, 77% used [0x00000000ef980000,0x00000000f1516188,0x00000000f1d00000)
  to   space 37888K, 0% used [0x00000000f3b00000,0x00000000f3b00000,0x00000000f6000000)
 ParOldGen       total 154112K, used 34344K [0x00000000a0000000, 0x00000000a9680000, 0x00000000e0000000)
  object space 154112K, 22% used [0x00000000a0000000,0x00000000a218a310,0x00000000a9680000)
 Metaspace       used 64093K, capacity 65795K, committed 65944K, reserved 1107968K
  class space    used 7143K, capacity 7495K, committed 7592K, reserved 1048576K
GC Heap History (10 events):
Event: 543.623 GC heap before
{Heap before GC invocations=21 (full 4):
 PSYoungGen      total 224768K, used 215983K [0x00000000e0000000, 0x00000000f0300000, 0x0000000100000000)
  eden space 195584K, 100% used [0x00000000e0000000,0x00000000ebf00000,0x00000000ebf00000)
  from space 29184K, 69% used [0x00000000ee680000,0x00000000efa6be70,0x00000000f0300000)
  to   space 34816K, 0% used [0x00000000ebf00000,0x00000000ebf00000,0x00000000ee100000)
 ParOldGen       total 154112K, used 34304K [0x00000000a0000000, 0x00000000a9680000, 0x00000000e0000000)
  object space 154112K, 22% used [0x00000000a0000000,0x00000000a2180310,0x00000000a9680000)
 Metaspace       used 61944K, capacity 63515K, committed 63768K, reserved 1105920K
  class space    used 7106K, capacity 7433K, committed 7464K, reserved 1048576K
Event: 543.651 GC heap after
Heap after GC invocations=21 (full 4):
 PSYoungGen      total 230400K, used 25120K [0x00000000e0000000, 0x00000000f3100000, 0x0000000100000000)
  eden space 195584K, 0% used [0x00000000e0000000,0x00000000e0000000,0x00000000ebf00000)
  from space 34816K, 72% used [0x00000000ebf00000,0x00000000ed788058,0x00000000ee100000)
  to   space 35840K, 0% used [0x00000000f0e00000,0x00000000f0e00000,0x00000000f3100000)
 ParOldGen       total 154112K, used 34312K [0x00000000a0000000, 0x00000000a9680000, 0x00000000e0000000)
  object space 154112K, 22% used [0x00000000a0000000,0x00000000a2182310,0x00000000a9680000)
 Metaspace       used 61944K, capacity 63515K, committed 63768K, reserved 1105920K
  class space    used 7106K, capacity 7433K, committed 7464K, reserved 1048576K
}
Event: 545.537 GC heap before
{Heap before GC invocations=22 (full 4):
 PSYoungGen      total 230400K, used 220704K [0x00000000e0000000, 0x00000000f3100000, 0x0000000100000000)
  eden space 195584K, 100% used [0x00000000e0000000,0x00000000ebf00000,0x00000000ebf00000)
  from space 34816K, 72% used [0x00000000ebf00000,0x00000000ed788058,0x00000000ee100000)
  to   space 35840K, 0% used [0x00000000f0e00000,0x00000000f0e00000,0x00000000f3100000)
 ParOldGen       total 154112K, used 34312K [0x00000000a0000000, 0x00000000a9680000, 0x00000000e0000000)
  object space 154112K, 22% used [0x00000000a0000000,0x00000000a2182310,0x00000000a9680000)
 Metaspace       used 62424K, capacity 64083K, committed 64408K, reserved 1105920K
  class space    used 7133K, capacity 7483K, committed 7592K, reserved 1048576K
Event: 545.583 GC heap after
Heap after GC invocations=22 (full 4):
 PSYoungGen      total 256512K, used 28458K [0x00000000e0000000, 0x00000000f2a00000, 0x0000000100000000)
  eden space 227840K, 0% used [0x00000000e0000000,0x00000000e0000000,0x00000000ede80000)
  from space 28672K, 99% used [0x00000000f0e00000,0x00000000f29cab20,0x00000000f2a00000)
  to   space 37888K, 0% used [0x00000000ee000000,0x00000000ee000000,0x00000000f0500000)
 ParOldGen       total 154112K, used 34320K [0x00000000a0000000, 0x00000000a9680000, 0x00000000e0000000)
  object space 154112K, 22% used [0x00000000a0000000,0x00000000a2184310,0x00000000a9680000)
 Metaspace       used 62424K, capacity 64083K, committed 64408K, reserved 1105920K
  class space    used 7133K, capacity 7483K, committed 7592K, reserved 1048576K
}
Event: 639.249 GC heap before
{Heap before GC invocations=23 (full 4):
 PSYoungGen      total 256512K, used 256298K [0x00000000e0000000, 0x00000000f2a00000, 0x0000000100000000)
  eden space 227840K, 100% used [0x00000000e0000000,0x00000000ede80000,0x00000000ede80000)
  from space 28672K, 99% used [0x00000000f0e00000,0x00000000f29cab20,0x00000000f2a00000)
  to   space 37888K, 0% used [0x00000000ee000000,0x00000000ee000000,0x00000000f0500000)
 ParOldGen       total 154112K, used 34320K [0x00000000a0000000, 0x00000000a9680000, 0x00000000e0000000)
  object space 154112K, 22% used [0x00000000a0000000,0x00000000a2184310,0x00000000a9680000)
 Metaspace       used 63012K, capacity 64697K, committed 64920K, reserved 1105920K
  class space    used 7136K, capacity 7486K, committed 7592K, reserved 1048576K
Event: 639.281 GC heap after
Heap after GC invocations=23 (full 4):
 PSYoungGen      total 267264K, used 23205K [0x00000000e0000000, 0x00000000f4600000, 0x0000000100000000)
  eden space 229376K, 0% used [0x00000000e0000000,0x00000000e0000000,0x00000000ee000000)
  from space 37888K, 61% used [0x00000000ee000000,0x00000000ef6a9458,0x00000000f0500000)
  to   space 37376K, 0% used [0x00000000f2180000,0x00000000f2180000,0x00000000f4600000)
 ParOldGen       total 154112K, used 34328K [0x00000000a0000000, 0x00000000a9680000, 0x00000000e0000000)
  object space 154112K, 22% used [0x00000000a0000000,0x00000000a2186310,0x00000000a9680000)
 Metaspace       used 63012K, capacity 64697K, committed 64920K, reserved 1105920K
  class space    used 7136K, capacity 7486K, committed 7592K, reserved 1048576K
}
Event: 756.888 GC heap before
{Heap before GC invocations=24 (full 4):
 PSYoungGen      total 267264K, used 252581K [0x00000000e0000000, 0x00000000f4600000, 0x0000000100000000)
  eden space 229376K, 100% used [0x00000000e0000000,0x00000000ee000000,0x00000000ee000000)
  from space 37888K, 61% used [0x00000000ee000000,0x00000000ef6a9458,0x00000000f0500000)
  to   space 37376K, 0% used [0x00000000f2180000,0x00000000f2180000,0x00000000f4600000)
 ParOldGen       total 154112K, used 34328K [0x00000000a0000000, 0x00000000a9680000, 0x00000000e0000000)
  object space 154112K, 22% used [0x00000000a0000000,0x00000000a2186310,0x00000000a9680000)
 Metaspace       used 63607K, capacity 65269K, committed 65432K, reserved 1107968K
  class space    used 7142K, capacity 7494K, committed 7592K, reserved 1048576K
Event: 756.906 GC heap after
Heap after GC invocations=24 (full 4):
 PSYoungGen      total 287232K, used 16028K [0x00000000e0000000, 0x00000000f4080000, 0x0000000100000000)
  eden space 255488K, 0% used [0x00000000e0000000,0x00000000e0000000,0x00000000ef980000)
  from space 31744K, 50% used [0x00000000f2180000,0x00000000f3127228,0x00000000f4080000)
  to   space 36352K, 0% used [0x00000000ef980000,0x00000000ef980000,0x00000000f1d00000)
 ParOldGen       total 154112K, used 34336K [0x00000000a0000000, 0x00000000a9680000, 0x00000000e0000000)
  object space 154112K, 22% used [0x00000000a0000000,0x00000000a2188310,0x00000000a9680000)
 Metaspace       used 63607K, capacity 65269K, committed 65432K, reserved 1107968K
  class space    used 7142K, capacity 7494K, committed 7592K, reserved 1048576K
}
Event: 760.649 GC heap before
{Heap before GC invocations=25 (full 4):
 PSYoungGen      total 287232K, used 271516K [0x00000000e0000000, 0x00000000f4080000, 0x0000000100000000)
  eden space 255488K, 100% used [0x00000000e0000000,0x00000000ef980000,0x00000000ef980000)
  from space 31744K, 50% used [0x00000000f2180000,0x00000000f3127228,0x00000000f4080000)
  to   space 36352K, 0% used [0x00000000ef980000,0x00000000ef980000,0x00000000f1d00000)
 ParOldGen       total 154112K, used 34336K [0x00000000a0000000, 0x00000000a9680000, 0x00000000e0000000)
  object space 154112K, 22% used [0x00000000a0000000,0x00000000a2188310,0x00000000a9680000)
 Metaspace       used 63828K, capacity 65529K, committed 65688K, reserved 1107968K
  class space    used 7142K, capacity 7494K, committed 7592K, reserved 1048576K
Event: 760.693 GC heap after
Heap after GC invocations=25 (full 4):
 PSYoungGen      total 291840K, used 28248K [0x00000000e0000000, 0x00000000f6000000, 0x0000000100000000)
  eden space 255488K, 0% used [0x00000000e0000000,0x00000000e0000000,0x00000000ef980000)
  from space 36352K, 77% used [0x00000000ef980000,0x00000000f1516188,0x00000000f1d00000)
  to   space 37888K, 0% used [0x00000000f3b00000,0x00000000f3b00000,0x00000000f6000000)
 ParOldGen       total 154112K, used 34344K [0x00000000a0000000, 0x00000000a9680000, 0x00000000e0000000)
  object space 154112K, 22% used [0x00000000a0000000,0x00000000a218a310,0x00000000a9680000)
 Metaspace       used 63828K, capacity 65529K, committed 65688K, reserved 1107968K
  class space    used 7142K, capacity 7494K, committed 7592K, reserved 1048576K
}

